# JRE version: OpenJDK Runtime Environment (21.0.9) (build 21.0.9+-14649483-b1163.86)
# Java VM: OpenJDK 64-Bit Server VM (21.0.9+-14649483-b1163.86, mixed mode, tiered, compressed oops, compressed class ptrs, g1 gc, windows-amd64)
GC Precious Log:
 CardTable entry size: 512
 Card Set container configuration: InlinePtr #cards 5 size 8 Array Of Cards #cards 12 size 40 Howl #buckets 4 coarsen threshold 1843 Howl Bitmap #cards 512 size 80 coarsen threshold 460 Card regions per heap region 1 cards per card region 2048
 CPUs: 12 total, 12 available
 Memory: 32124M
 Large Page Support: Disabled
 NUMA Support: Disabled
 Compressed Oops: Enabled (32-bit)
 Heap Region Size: 1M
 Heap Min Capacity: 8M
 Heap Initial Capacity: 502M
 Heap Max Capacity: 2G
 Pre-touch: Disabled
 Parallel Workers: 10
 Concurrent Workers: 3
 Concurrent Refinement Workers: 10
 Periodic GC: Disabled
Heap:
 garbage-first heap   total 494592K, used 360409K [0x0000000080000000, 0x0000000100000000)
  region size 1024K, 137 young (140288K), 26 survivors (26624K)
 Metaspace       used 230248K, committed 233152K, reserved 1310720K
  class space    used 29857K, committed 31232K, reserved 1048576K
GC Heap History (20 events):
Event: 16.937 GC heap before
{Heap before GC invocations=41 (full 0):
 garbage-first heap   total 494592K, used 421574K [0x0000000080000000, 0x0000000100000000)
  region size 1024K, 261 young (267264K), 37 survivors (37888K)
 Metaspace       used 176334K, committed 178688K, reserved 1245184K
  class space    used 23218K, committed 24320K, reserved 1048576K
}
Event: 16.951 GC heap after
{Heap after GC invocations=42 (full 0):
 garbage-first heap   total 494592K, used 223141K [0x0000000080000000, 0x0000000100000000)
  region size 1024K, 28 young (28672K), 28 survivors (28672K)
 Metaspace       used 176334K, committed 178688K, reserved 1245184K
  class space    used 23218K, committed 24320K, reserved 1048576K
}
Event: 18.135 GC heap before
{Heap before GC invocations=42 (full 0):
 garbage-first heap   total 494592K, used 429989K [0x0000000080000000, 0x0000000100000000)
  region size 1024K, 224 young (229376K), 28 survivors (28672K)
 Metaspace       used 185012K, committed 187456K, reserved 1245184K
  class space    used 24289K, committed 25472K, reserved 1048576K
}
Event: 18.145 GC heap after
{Heap after GC invocations=43 (full 0):
 garbage-first heap   total 494592K, used 241625K [0x0000000080000000, 0x0000000100000000)
  region size 1024K, 16 young (16384K), 16 survivors (16384K)
 Metaspace       used 185012K, committed 187456K, reserved 1245184K
  class space    used 24289K, committed 25472K, reserved 1048576K
}
Event: 19.453 GC heap before
{Heap before GC invocations=44 (full 0):
 garbage-first heap   total 494592K, used 434137K [0x0000000080000000, 0x0000000100000000)
  region size 1024K, 203 young (207872K), 16 survivors (16384K)
 Metaspace       used 191583K, committed 194176K, reserved 1245184K
  class space    used 25184K, committed 26432K, reserved 1048576K
}
Event: 19.460 GC heap after
{Heap after GC invocations=45 (full 0):
 garbage-first heap   total 494592K, used 250839K [0x0000000080000000, 0x0000000100000000)
  region size 1024K, 12 young (12288K), 12 survivors (12288K)
 Metaspace       used 191583K, committed 194176K, reserved 1245184K
  class space    used 25184K, committed 26432K, reserved 1048576K
}
Event: 24.089 GC heap before
{Heap before GC invocations=45 (full 0):
 garbage-first heap   total 494592K, used 438231K [0x0000000080000000, 0x0000000100000000)
  region size 1024K, 196 young (200704K), 12 survivors (12288K)
 Metaspace       used 205653K, committed 208256K, reserved 1245184K
  class space    used 27029K, committed 28288K, reserved 1048576K
}
Event: 24.097 GC heap after
{Heap after GC invocations=46 (full 0):
 garbage-first heap   total 494592K, used 256624K [0x0000000080000000, 0x0000000100000000)
  region size 1024K, 20 young (20480K), 20 survivors (20480K)
 Metaspace       used 205653K, committed 208256K, reserved 1245184K
  class space    used 27029K, committed 28288K, reserved 1048576K
}
Event: 27.211 GC heap before
{Heap before GC invocations=46 (full 0):
 garbage-first heap   total 494592K, used 446064K [0x0000000080000000, 0x0000000100000000)
  region size 1024K, 205 young (209920K), 20 survivors (20480K)
 Metaspace       used 206488K, committed 209152K, reserved 1245184K
  class space    used 27082K, committed 28352K, reserved 1048576K
}
Event: 27.219 GC heap after
{Heap after GC invocations=47 (full 0):
 garbage-first heap   total 494592K, used 260173K [0x0000000080000000, 0x0000000100000000)
  region size 1024K, 15 young (15360K), 15 survivors (15360K)
 Metaspace       used 206488K, committed 209152K, reserved 1245184K
  class space    used 27082K, committed 28352K, reserved 1048576K
}
Event: 32.960 GC heap before
{Heap before GC invocations=48 (full 0):
 garbage-first heap   total 494592K, used 430157K [0x0000000080000000, 0x0000000100000000)
  region size 1024K, 201 young (205824K), 15 survivors (15360K)
 Metaspace       used 207189K, committed 209856K, reserved 1245184K
  class space    used 27130K, committed 28416K, reserved 1048576K
}
Event: 32.966 GC heap after
{Heap after GC invocations=49 (full 0):
 garbage-first heap   total 494592K, used 246429K [0x0000000080000000, 0x0000000100000000)
  region size 1024K, 12 young (12288K), 12 survivors (12288K)
 Metaspace       used 207189K, committed 209856K, reserved 1245184K
  class space    used 27130K, committed 28416K, reserved 1048576K
}
Event: 113.397 GC heap before
{Heap before GC invocations=49 (full 0):
 garbage-first heap   total 494592K, used 451229K [0x0000000080000000, 0x0000000100000000)
  region size 1024K, 213 young (218112K), 12 survivors (12288K)
 Metaspace       used 219324K, committed 222080K, reserved 1245184K
  class space    used 28436K, committed 29760K, reserved 1048576K
}
Event: 113.404 GC heap after
{Heap after GC invocations=50 (full 0):
 garbage-first heap   total 494592K, used 211493K [0x0000000080000000, 0x0000000100000000)
  region size 1024K, 21 young (21504K), 21 survivors (21504K)
 Metaspace       used 219324K, committed 222080K, reserved 1245184K
  class space    used 28436K, committed 29760K, reserved 1048576K
}
Event: 166.887 GC heap before
{Heap before GC invocations=50 (full 0):
 garbage-first heap   total 494592K, used 447013K [0x0000000080000000, 0x0000000100000000)
  region size 1024K, 252 young (258048K), 21 survivors (21504K)
 Metaspace       used 220005K, committed 222784K, reserved 1245184K
  class space    used 28455K, committed 29760K, reserved 1048576K
}
Event: 166.902 GC heap after
{Heap after GC invocations=51 (full 0):
 garbage-first heap   total 494592K, used 219564K [0x0000000080000000, 0x0000000100000000)
  region size 1024K, 30 young (30720K), 30 survivors (30720K)
 Metaspace       used 220005K, committed 222784K, reserved 1245184K
  class space    used 28455K, committed 29760K, reserved 1048576K
}
Event: 169.066 GC heap before
{Heap before GC invocations=51 (full 0):
 garbage-first heap   total 494592K, used 392620K [0x0000000080000000, 0x0000000100000000)
  region size 1024K, 200 young (204800K), 30 survivors (30720K)
 Metaspace       used 225803K, committed 228544K, reserved 1310720K
  class space    used 29253K, committed 30592K, reserved 1048576K
}
Event: 169.077 GC heap after
{Heap after GC invocations=52 (full 0):
 garbage-first heap   total 494592K, used 233508K [0x0000000080000000, 0x0000000100000000)
  region size 1024K, 27 young (27648K), 27 survivors (27648K)
 Metaspace       used 225803K, committed 228544K, reserved 1310720K
  class space    used 29253K, committed 30592K, reserved 1048576K
}
Event: 192.297 GC heap before
{Heap before GC invocations=53 (full 0):
 garbage-first heap   total 494592K, used 451620K [0x0000000080000000, 0x0000000100000000)
  region size 1024K, 238 young (243712K), 27 survivors (27648K)
 Metaspace       used 230138K, committed 233024K, reserved 1310720K
  class space    used 29855K, committed 31232K, reserved 1048576K
}
Event: 192.310 GC heap after
{Heap after GC invocations=54 (full 0):
 garbage-first heap   total 494592K, used 247769K [0x0000000080000000, 0x0000000100000000)
  region size 1024K, 26 young (26624K), 26 survivors (26624K)
 Metaspace       used 230138K, committed 233024K, reserved 1310720K
  class space    used 29855K, committed 31232K, reserved 1048576K
}

