# JRE version: OpenJDK Runtime Environment Temurin-17.0.17+10 (17.0.17+10) (build 17.0.17+10)
# Java VM: OpenJDK 64-Bit Server VM Temurin-17.0.17+10 (17.0.17+10, mixed mode, sharing, tiered, compressed oops, compressed class ptrs, g1 gc, windows-amd64)
GC Precious Log:
 CPUs: 12 total, 12 available
 Memory: 32124M
 Large Page Support: Disabled
 NUMA Support: Disabled
 Compressed Oops: Enabled (32-bit)
 Heap Region Size: 1M
 Heap Min Capacity: 8M
 Heap Initial Capacity: 502M
 Heap Max Capacity: 2G
 Pre-touch: Disabled
 Parallel Workers: 10
 Concurrent Workers: 3
 Concurrent Refinement Workers: 10
 Periodic GC: Disabled
Heap:
 garbage-first heap   total 208896K, used 122424K [0x0000000080000000, 0x0000000100000000)
  region size 1024K, 5 young (5120K), 2 survivors (2048K)
 Metaspace       used 110039K, committed 110848K, reserved 1179648K
  class space    used 14228K, committed 14592K, reserved 1048576K
GC Heap History (20 events):
Event: 6.060 GC heap after
{Heap after GC invocations=14 (full 0):
 garbage-first heap   total 303104K, used 57530K [0x0000000080000000, 0x0000000100000000)
  region size 1024K, 21 young (21504K), 21 survivors (21504K)
 Metaspace       used 59443K, committed 60160K, reserved 1114112K
  class space    used 8340K, committed 8704K, reserved 1048576K
}
Event: 6.610 GC heap before
{Heap before GC invocations=15 (full 0):
 garbage-first heap   total 208896K, used 159930K [0x0000000080000000, 0x0000000100000000)
  region size 1024K, 122 young (124928K), 21 survivors (21504K)
 Metaspace       used 70277K, committed 70976K, reserved 1114112K
  class space    used 9460K, committed 9792K, reserved 1048576K
}
Event: 6.616 GC heap after
{Heap after GC invocations=16 (full 0):
 garbage-first heap   total 208896K, used 64276K [0x0000000080000000, 0x0000000100000000)
  region size 1024K, 7 young (7168K), 7 survivors (7168K)
 Metaspace       used 70277K, committed 70976K, reserved 1114112K
  class space    used 9460K, committed 9792K, reserved 1048576K
}
Event: 7.170 GC heap before
{Heap before GC invocations=16 (full 0):
 garbage-first heap   total 208896K, used 154388K [0x0000000080000000, 0x0000000100000000)
  region size 1024K, 95 young (97280K), 7 survivors (7168K)
 Metaspace       used 79939K, committed 80640K, reserved 1179648K
  class space    used 10552K, committed 10880K, reserved 1048576K
}
Event: 7.174 GC heap after
{Heap after GC invocations=17 (full 0):
 garbage-first heap   total 208896K, used 71899K [0x0000000080000000, 0x0000000100000000)
  region size 1024K, 12 young (12288K), 12 survivors (12288K)
 Metaspace       used 79939K, committed 80640K, reserved 1179648K
  class space    used 10552K, committed 10880K, reserved 1048576K
}
Event: 7.651 GC heap before
{Heap before GC invocations=17 (full 0):
 garbage-first heap   total 208896K, used 157915K [0x0000000080000000, 0x0000000100000000)
  region size 1024K, 96 young (98304K), 12 survivors (12288K)
 Metaspace       used 86257K, committed 86976K, reserved 1179648K
  class space    used 11179K, committed 11520K, reserved 1048576K
}
Event: 7.657 GC heap after
{Heap after GC invocations=18 (full 0):
 garbage-first heap   total 208896K, used 87834K [0x0000000080000000, 0x0000000100000000)
  region size 1024K, 12 young (12288K), 12 survivors (12288K)
 Metaspace       used 86257K, committed 86976K, reserved 1179648K
  class space    used 11179K, committed 11520K, reserved 1048576K
}
Event: 8.298 GC heap before
{Heap before GC invocations=18 (full 0):
 garbage-first heap   total 208896K, used 156442K [0x0000000080000000, 0x0000000100000000)
  region size 1024K, 80 young (81920K), 12 survivors (12288K)
 Metaspace       used 93620K, committed 94336K, reserved 1179648K
  class space    used 12029K, committed 12352K, reserved 1048576K
}
Event: 8.302 GC heap after
{Heap after GC invocations=19 (full 0):
 garbage-first heap   total 208896K, used 94753K [0x0000000080000000, 0x0000000100000000)
  region size 1024K, 6 young (6144K), 6 survivors (6144K)
 Metaspace       used 93620K, committed 94336K, reserved 1179648K
  class space    used 12029K, committed 12352K, reserved 1048576K
}
Event: 8.668 GC heap before
{Heap before GC invocations=19 (full 0):
 garbage-first heap   total 208896K, used 141857K [0x0000000080000000, 0x0000000100000000)
  region size 1024K, 53 young (54272K), 6 survivors (6144K)
 Metaspace       used 100000K, committed 100736K, reserved 1179648K
  class space    used 12687K, committed 13056K, reserved 1048576K
}
Event: 8.671 GC heap after
{Heap after GC invocations=20 (full 0):
 garbage-first heap   total 208896K, used 97062K [0x0000000080000000, 0x0000000100000000)
  region size 1024K, 3 young (3072K), 3 survivors (3072K)
 Metaspace       used 100000K, committed 100736K, reserved 1179648K
  class space    used 12687K, committed 13056K, reserved 1048576K
}
Event: 10.057 GC heap before
{Heap before GC invocations=21 (full 0):
 garbage-first heap   total 208896K, used 164646K [0x0000000080000000, 0x0000000100000000)
  region size 1024K, 69 young (70656K), 3 survivors (3072K)
 Metaspace       used 106535K, committed 107328K, reserved 1179648K
  class space    used 13793K, committed 14144K, reserved 1048576K
}
Event: 10.060 GC heap after
{Heap after GC invocations=22 (full 0):
 garbage-first heap   total 208896K, used 99855K [0x0000000080000000, 0x0000000100000000)
  region size 1024K, 5 young (5120K), 5 survivors (5120K)
 Metaspace       used 106535K, committed 107328K, reserved 1179648K
  class space    used 13793K, committed 14144K, reserved 1048576K
}
Event: 10.096 GC heap before
{Heap before GC invocations=22 (full 0):
 garbage-first heap   total 208896K, used 104975K [0x0000000080000000, 0x0000000100000000)
  region size 1024K, 10 young (10240K), 5 survivors (5120K)
 Metaspace       used 106969K, committed 107776K, reserved 1179648K
  class space    used 13861K, committed 14208K, reserved 1048576K
}
Event: 10.098 GC heap after
{Heap after GC invocations=23 (full 0):
 garbage-first heap   total 208896K, used 99602K [0x0000000080000000, 0x0000000100000000)
  region size 1024K, 1 young (1024K), 1 survivors (1024K)
 Metaspace       used 106969K, committed 107776K, reserved 1179648K
  class space    used 13861K, committed 14208K, reserved 1048576K
}
Event: 10.354 GC heap before
{Heap before GC invocations=23 (full 0):
 garbage-first heap   total 208896K, used 167186K [0x0000000080000000, 0x0000000100000000)
  region size 1024K, 68 young (69632K), 1 survivors (1024K)
 Metaspace       used 109772K, committed 110592K, reserved 1179648K
  class space    used 14222K, committed 14592K, reserved 1048576K
}
Event: 10.359 GC heap after
{Heap after GC invocations=24 (full 0):
 garbage-first heap   total 208896K, used 116980K [0x0000000080000000, 0x0000000100000000)
  region size 1024K, 9 young (9216K), 9 survivors (9216K)
 Metaspace       used 109772K, committed 110592K, reserved 1179648K
  class space    used 14222K, committed 14592K, reserved 1048576K
}
Event: 10.450 GC heap before
{Heap before GC invocations=25 (full 0):
 garbage-first heap   total 208896K, used 148724K [0x0000000080000000, 0x0000000100000000)
  region size 1024K, 53 young (54272K), 9 survivors (9216K)
 Metaspace       used 110025K, committed 110848K, reserved 1179648K
  class space    used 14228K, committed 14592K, reserved 1048576K
}
Event: 10.456 GC heap after
{Heap after GC invocations=26 (full 0):
 garbage-first heap   total 208896K, used 119352K [0x0000000080000000, 0x0000000100000000)
  region size 1024K, 7 young (7168K), 7 survivors (7168K)
 Metaspace       used 110025K, committed 110848K, reserved 1179648K
  class space    used 14228K, committed 14592K, reserved 1048576K
}
Event: 10.460 GC heap before
{Heap before GC invocations=26 (full 0):
 garbage-first heap   total 208896K, used 122424K [0x0000000080000000, 0x0000000100000000)
  region size 1024K, 10 young (10240K), 7 survivors (7168K)
 Metaspace       used 110039K, committed 110848K, reserved 1179648K
  class space    used 14228K, committed 14592K, reserved 1048576K
}

