# JRE version: OpenJDK Runtime Environment (21.0.9) (build 21.0.9+-14649483-b1163.86)
# Java VM: OpenJDK 64-Bit Server VM (21.0.9+-14649483-b1163.86, mixed mode, tiered, compressed oops, compressed class ptrs, g1 gc, windows-amd64)
GC Precious Log:
 CardTable entry size: 512
 Card Set container configuration: InlinePtr #cards 5 size 8 Array Of Cards #cards 12 size 40 Howl #buckets 4 coarsen threshold 1843 Howl Bitmap #cards 512 size 80 coarsen threshold 460 Card regions per heap region 1 cards per card region 2048
 CPUs: 12 total, 12 available
 Memory: 32124M
 Large Page Support: Disabled
 NUMA Support: Disabled
 Compressed Oops: Enabled (32-bit)
 Heap Region Size: 1M
 Heap Min Capacity: 8M
 Heap Initial Capacity: 502M
 Heap Max Capacity: 2G
 Pre-touch: Disabled
 Parallel Workers: 10
 Concurrent Workers: 3
 Concurrent Refinement Workers: 10
 Periodic GC: Disabled
Heap:
 garbage-first heap   total 201728K, used 124822K [0x0000000080000000, 0x0000000100000000)
  region size 1024K, 9 young (9216K), 7 survivors (7168K)
 Metaspace       used 114818K, committed 117120K, reserved 1179648K
  class space    used 16078K, committed 17216K, reserved 1048576K
GC Heap History (20 events):
Event: 4.921 GC heap before
{Heap before GC invocations=19 (full 0):
 garbage-first heap   total 153600K, used 139079K [0x0000000080000000, 0x0000000100000000)
  region size 1024K, 85 young (87040K), 7 survivors (7168K)
 Metaspace       used 71664K, committed 73600K, reserved 1114112K
  class space    used 10229K, committed 11136K, reserved 1048576K
}
Event: 4.923 GC heap after
{Heap after GC invocations=20 (full 0):
 garbage-first heap   total 186368K, used 60908K [0x0000000080000000, 0x0000000100000000)
  region size 1024K, 6 young (6144K), 6 survivors (6144K)
 Metaspace       used 71664K, committed 73600K, reserved 1114112K
  class space    used 10229K, committed 11136K, reserved 1048576K
}
Event: 5.522 GC heap before
{Heap before GC invocations=21 (full 0):
 garbage-first heap   total 186368K, used 174572K [0x0000000080000000, 0x0000000100000000)
  region size 1024K, 109 young (111616K), 6 survivors (6144K)
 Metaspace       used 76523K, committed 78528K, reserved 1179648K
  class space    used 10798K, committed 11776K, reserved 1048576K
}
Event: 5.527 GC heap after
{Heap after GC invocations=22 (full 0):
 garbage-first heap   total 191488K, used 78005K [0x0000000080000000, 0x0000000100000000)
  region size 1024K, 14 young (14336K), 14 survivors (14336K)
 Metaspace       used 76523K, committed 78528K, reserved 1179648K
  class space    used 10798K, committed 11776K, reserved 1048576K
}
Event: 6.150 GC heap before
{Heap before GC invocations=22 (full 0):
 garbage-first heap   total 191488K, used 173237K [0x0000000080000000, 0x0000000100000000)
  region size 1024K, 105 young (107520K), 14 survivors (14336K)
 Metaspace       used 85685K, committed 87744K, reserved 1179648K
  class space    used 12005K, committed 12992K, reserved 1048576K
}
Event: 6.156 GC heap after
{Heap after GC invocations=23 (full 0):
 garbage-first heap   total 192512K, used 82803K [0x0000000080000000, 0x0000000100000000)
  region size 1024K, 4 young (4096K), 4 survivors (4096K)
 Metaspace       used 85685K, committed 87744K, reserved 1179648K
  class space    used 12005K, committed 12992K, reserved 1048576K
}
Event: 6.329 GC heap before
{Heap before GC invocations=23 (full 0):
 garbage-first heap   total 192512K, used 103283K [0x0000000080000000, 0x0000000100000000)
  region size 1024K, 25 young (25600K), 4 survivors (4096K)
 Metaspace       used 87893K, committed 89984K, reserved 1179648K
  class space    used 12282K, committed 13312K, reserved 1048576K
}
Event: 6.332 GC heap after
{Heap after GC invocations=24 (full 0):
 garbage-first heap   total 192512K, used 84717K [0x0000000080000000, 0x0000000100000000)
  region size 1024K, 6 young (6144K), 6 survivors (6144K)
 Metaspace       used 87893K, committed 89984K, reserved 1179648K
  class space    used 12282K, committed 13312K, reserved 1048576K
}
Event: 6.878 GC heap before
{Heap before GC invocations=25 (full 0):
 garbage-first heap   total 192512K, used 179949K [0x0000000080000000, 0x0000000100000000)
  region size 1024K, 95 young (97280K), 6 survivors (6144K)
 Metaspace       used 92416K, committed 94528K, reserved 1179648K
  class space    used 12902K, committed 13952K, reserved 1048576K
}
Event: 6.883 GC heap after
{Heap after GC invocations=26 (full 0):
 garbage-first heap   total 194560K, used 93015K [0x0000000080000000, 0x0000000100000000)
  region size 1024K, 12 young (12288K), 12 survivors (12288K)
 Metaspace       used 92416K, committed 94528K, reserved 1179648K
  class space    used 12902K, committed 13952K, reserved 1048576K
}
Event: 7.405 GC heap before
{Heap before GC invocations=26 (full 0):
 garbage-first heap   total 194560K, used 176983K [0x0000000080000000, 0x0000000100000000)
  region size 1024K, 94 young (96256K), 12 survivors (12288K)
 Metaspace       used 98073K, committed 100288K, reserved 1179648K
  class space    used 13760K, committed 14848K, reserved 1048576K
}
Event: 7.410 GC heap after
{Heap after GC invocations=27 (full 0):
 garbage-first heap   total 196608K, used 96479K [0x0000000080000000, 0x0000000100000000)
  region size 1024K, 5 young (5120K), 5 survivors (5120K)
 Metaspace       used 98073K, committed 100288K, reserved 1179648K
  class space    used 13760K, committed 14848K, reserved 1048576K
}
Event: 7.927 GC heap before
{Heap before GC invocations=27 (full 0):
 garbage-first heap   total 196608K, used 179423K [0x0000000080000000, 0x0000000100000000)
  region size 1024K, 86 young (88064K), 5 survivors (5120K)
 Metaspace       used 103973K, committed 106240K, reserved 1179648K
  class space    used 14718K, committed 15808K, reserved 1048576K
}
Event: 7.930 GC heap after
{Heap after GC invocations=28 (full 0):
 garbage-first heap   total 196608K, used 98937K [0x0000000080000000, 0x0000000100000000)
  region size 1024K, 7 young (7168K), 7 survivors (7168K)
 Metaspace       used 103973K, committed 106240K, reserved 1179648K
  class space    used 14718K, committed 15808K, reserved 1048576K
}
Event: 8.525 GC heap before
{Heap before GC invocations=29 (full 0):
 garbage-first heap   total 196608K, used 180834K [0x0000000080000000, 0x0000000100000000)
  region size 1024K, 87 young (89088K), 7 survivors (7168K)
 Metaspace       used 110226K, committed 112576K, reserved 1179648K
  class space    used 15656K, committed 16768K, reserved 1048576K
}
Event: 8.529 GC heap after
{Heap after GC invocations=30 (full 0):
 garbage-first heap   total 196608K, used 102419K [0x0000000080000000, 0x0000000100000000)
  region size 1024K, 7 young (7168K), 7 survivors (7168K)
 Metaspace       used 110226K, committed 112576K, reserved 1179648K
  class space    used 15656K, committed 16768K, reserved 1048576K
}
Event: 9.035 GC heap before
{Heap before GC invocations=30 (full 0):
 garbage-first heap   total 196608K, used 182291K [0x0000000080000000, 0x0000000100000000)
  region size 1024K, 85 young (87040K), 7 survivors (7168K)
 Metaspace       used 112500K, committed 114880K, reserved 1179648K
  class space    used 15967K, committed 17088K, reserved 1048576K
}
Event: 9.043 GC heap after
{Heap after GC invocations=31 (full 0):
 garbage-first heap   total 201728K, used 111434K [0x0000000080000000, 0x0000000100000000)
  region size 1024K, 11 young (11264K), 11 survivors (11264K)
 Metaspace       used 112500K, committed 114880K, reserved 1179648K
  class space    used 15967K, committed 17088K, reserved 1048576K
}
Event: 9.252 GC heap before
{Heap before GC invocations=31 (full 0):
 garbage-first heap   total 201728K, used 136010K [0x0000000080000000, 0x0000000100000000)
  region size 1024K, 37 young (37888K), 11 survivors (11264K)
 Metaspace       used 113849K, committed 116224K, reserved 1179648K
  class space    used 16059K, committed 17216K, reserved 1048576K
}
Event: 9.257 GC heap after
{Heap after GC invocations=32 (full 0):
 garbage-first heap   total 201728K, used 118678K [0x0000000080000000, 0x0000000100000000)
  region size 1024K, 7 young (7168K), 7 survivors (7168K)
 Metaspace       used 113849K, committed 116224K, reserved 1179648K
  class space    used 16059K, committed 17216K, reserved 1048576K
}

