# JRE version: OpenJDK Runtime Environment Temurin-21.0.10+7 (21.0.10+7) (build 21.0.10+7-LTS)
# Java VM: OpenJDK 64-Bit Server VM Temurin-21.0.10+7 (21.0.10+7-LTS, mixed mode, sharing, tiered, compressed oops, compressed class ptrs, parallel gc, windows-amd64)
GC Precious Log:
 CardTable entry size: 512
 CPUs: 12 total, 12 available
 Memory: 32123M
 Large Page Support: Disabled
 NUMA Support: Disabled
 Compressed Oops: Enabled (32-bit)
 Alignments: Space 512K, Generation 512K, Heap 2M
 Heap Min Capacity: 100M
 Heap Initial Capacity: 100M
 Heap Max Capacity: 2G
 Pre-touch: Disabled
 Parallel Workers: 10
Heap:
 PSYoungGen      total 15872K, used 9838K [0x00000000d5580000, 0x00000000d6a00000, 0x0000000100000000)
  eden space 14848K, 60% used [0x00000000d5580000,0x00000000d5e3ba80,0x00000000d6400000)
  from space 1024K, 87% used [0x00000000d6900000,0x00000000d69e0000,0x00000000d6a00000)
  to   space 1024K, 0% used [0x00000000d6800000,0x00000000d6800000,0x00000000d6900000)
 ParOldGen       total 68608K, used 39563K [0x0000000080000000, 0x0000000084300000, 0x00000000d5580000)
  object space 68608K, 57% used [0x0000000080000000,0x00000000826a2d88,0x0000000084300000)
 Metaspace       used 60586K, committed 62080K, reserved 1114112K
  class space    used 7375K, committed 8000K, reserved 1048576K
GC Heap History (20 events):
Event: 20.038 GC heap before
{Heap before GC invocations=26 (full 2):
 PSYoungGen      total 16384K, used 15456K [0x00000000d5580000, 0x00000000d6b80000, 0x0000000100000000)
  eden space 14848K, 100% used [0x00000000d5580000,0x00000000d6400000,0x00000000d6400000)
  from space 1536K, 39% used [0x00000000d6880000,0x00000000d6918000,0x00000000d6a00000)
  to   space 1024K, 0% used [0x00000000d6a80000,0x00000000d6a80000,0x00000000d6b80000)
 ParOldGen       total 68608K, used 33430K [0x0000000080000000, 0x0000000084300000, 0x00000000d5580000)
  object space 68608K, 48% used [0x0000000080000000,0x00000000820a5878,0x0000000084300000)
 Metaspace       used 50245K, committed 51392K, reserved 1114112K
  class space    used 5788K, committed 6272K, reserved 1048576K
}
Event: 20.039 GC heap after
{Heap after GC invocations=26 (full 2):
 PSYoungGen      total 15360K, used 512K [0x00000000d5580000, 0x00000000d6b00000, 0x0000000100000000)
  eden space 14848K, 0% used [0x00000000d5580000,0x00000000d5580000,0x00000000d6400000)
  from space 512K, 100% used [0x00000000d6a80000,0x00000000d6b00000,0x00000000d6b00000)
  to   space 1024K, 0% used [0x00000000d6900000,0x00000000d6900000,0x00000000d6a00000)
 ParOldGen       total 68608K, used 33854K [0x0000000080000000, 0x0000000084300000, 0x00000000d5580000)
  object space 68608K, 49% used [0x0000000080000000,0x000000008210f878,0x0000000084300000)
 Metaspace       used 50245K, committed 51392K, reserved 1114112K
  class space    used 5788K, committed 6272K, reserved 1048576K
}
Event: 22.876 GC heap before
{Heap before GC invocations=27 (full 2):
 PSYoungGen      total 15360K, used 15360K [0x00000000d5580000, 0x00000000d6b00000, 0x0000000100000000)
  eden space 14848K, 100% used [0x00000000d5580000,0x00000000d6400000,0x00000000d6400000)
  from space 512K, 100% used [0x00000000d6a80000,0x00000000d6b00000,0x00000000d6b00000)
  to   space 1024K, 0% used [0x00000000d6900000,0x00000000d6900000,0x00000000d6a00000)
 ParOldGen       total 68608K, used 33854K [0x0000000080000000, 0x0000000084300000, 0x00000000d5580000)
  object space 68608K, 49% used [0x0000000080000000,0x000000008210f878,0x0000000084300000)
 Metaspace       used 50255K, committed 51392K, reserved 1114112K
  class space    used 5789K, committed 6272K, reserved 1048576K
}
Event: 22.877 GC heap after
{Heap after GC invocations=27 (full 2):
 PSYoungGen      total 15872K, used 1021K [0x00000000d5580000, 0x00000000d6e00000, 0x0000000100000000)
  eden space 14848K, 0% used [0x00000000d5580000,0x00000000d5580000,0x00000000d6400000)
  from space 1024K, 99% used [0x00000000d6900000,0x00000000d69ff7c0,0x00000000d6a00000)
  to   space 4096K, 0% used [0x00000000d6a00000,0x00000000d6a00000,0x00000000d6e00000)
 ParOldGen       total 68608K, used 37129K [0x0000000080000000, 0x0000000084300000, 0x00000000d5580000)
  object space 68608K, 54% used [0x0000000080000000,0x0000000082442478,0x0000000084300000)
 Metaspace       used 50255K, committed 51392K, reserved 1114112K
  class space    used 5789K, committed 6272K, reserved 1048576K
}
Event: 22.993 GC heap before
{Heap before GC invocations=28 (full 2):
 PSYoungGen      total 15872K, used 15869K [0x00000000d5580000, 0x00000000d6e00000, 0x0000000100000000)
  eden space 14848K, 100% used [0x00000000d5580000,0x00000000d6400000,0x00000000d6400000)
  from space 1024K, 99% used [0x00000000d6900000,0x00000000d69ff7c0,0x00000000d6a00000)
  to   space 4096K, 0% used [0x00000000d6a00000,0x00000000d6a00000,0x00000000d6e00000)
 ParOldGen       total 68608K, used 37129K [0x0000000080000000, 0x0000000084300000, 0x00000000d5580000)
  object space 68608K, 54% used [0x0000000080000000,0x0000000082442478,0x0000000084300000)
 Metaspace       used 51121K, committed 52352K, reserved 1114112K
  class space    used 5973K, committed 6528K, reserved 1048576K
}
Event: 22.994 GC heap after
{Heap after GC invocations=28 (full 2):
 PSYoungGen      total 15872K, used 946K [0x00000000d5580000, 0x00000000d6b00000, 0x0000000100000000)
  eden space 14848K, 0% used [0x00000000d5580000,0x00000000d5580000,0x00000000d6400000)
  from space 1024K, 92% used [0x00000000d6a00000,0x00000000d6aecb50,0x00000000d6b00000)
  to   space 2560K, 0% used [0x00000000d6600000,0x00000000d6600000,0x00000000d6880000)
 ParOldGen       total 68608K, used 38142K [0x0000000080000000, 0x0000000084300000, 0x00000000d5580000)
  object space 68608K, 55% used [0x0000000080000000,0x000000008253f9c0,0x0000000084300000)
 Metaspace       used 51121K, committed 52352K, reserved 1114112K
  class space    used 5973K, committed 6528K, reserved 1048576K
}
Event: 23.113 GC heap before
{Heap before GC invocations=29 (full 2):
 PSYoungGen      total 15872K, used 15794K [0x00000000d5580000, 0x00000000d6b00000, 0x0000000100000000)
  eden space 14848K, 100% used [0x00000000d5580000,0x00000000d6400000,0x00000000d6400000)
  from space 1024K, 92% used [0x00000000d6a00000,0x00000000d6aecb50,0x00000000d6b00000)
  to   space 2560K, 0% used [0x00000000d6600000,0x00000000d6600000,0x00000000d6880000)
 ParOldGen       total 68608K, used 38142K [0x0000000080000000, 0x0000000084300000, 0x00000000d5580000)
  object space 68608K, 55% used [0x0000000080000000,0x000000008253f9c0,0x0000000084300000)
 Metaspace       used 52865K, committed 54080K, reserved 1114112K
  class space    used 6251K, committed 6784K, reserved 1048576K
}
Event: 23.114 GC heap after
{Heap after GC invocations=29 (full 2):
 PSYoungGen      total 17408K, used 608K [0x00000000d5580000, 0x00000000d6a80000, 0x0000000100000000)
  eden space 14848K, 0% used [0x00000000d5580000,0x00000000d5580000,0x00000000d6400000)
  from space 2560K, 23% used [0x00000000d6600000,0x00000000d6698010,0x00000000d6880000)
  to   space 1024K, 0% used [0x00000000d6980000,0x00000000d6980000,0x00000000d6a80000)
 ParOldGen       total 68608K, used 38926K [0x0000000080000000, 0x0000000084300000, 0x00000000d5580000)
  object space 68608K, 56% used [0x0000000080000000,0x00000000826039f0,0x0000000084300000)
 Metaspace       used 52865K, committed 54080K, reserved 1114112K
  class space    used 6251K, committed 6784K, reserved 1048576K
}
Event: 23.331 GC heap before
{Heap before GC invocations=30 (full 2):
 PSYoungGen      total 17408K, used 15455K [0x00000000d5580000, 0x00000000d6a80000, 0x0000000100000000)
  eden space 14848K, 99% used [0x00000000d5580000,0x00000000d63fffb8,0x00000000d6400000)
  from space 2560K, 23% used [0x00000000d6600000,0x00000000d6698010,0x00000000d6880000)
  to   space 1024K, 0% used [0x00000000d6980000,0x00000000d6980000,0x00000000d6a80000)
 ParOldGen       total 68608K, used 38926K [0x0000000080000000, 0x0000000084300000, 0x00000000d5580000)
  object space 68608K, 56% used [0x0000000080000000,0x00000000826039f0,0x0000000084300000)
 Metaspace       used 54417K, committed 55744K, reserved 1114112K
  class space    used 6518K, committed 7104K, reserved 1048576K
}
Event: 23.332 GC heap after
{Heap after GC invocations=30 (full 2):
 PSYoungGen      total 15872K, used 752K [0x00000000d5580000, 0x00000000d6a80000, 0x0000000100000000)
  eden space 14848K, 0% used [0x00000000d5580000,0x00000000d5580000,0x00000000d6400000)
  from space 1024K, 73% used [0x00000000d6980000,0x00000000d6a3c010,0x00000000d6a80000)
  to   space 1024K, 0% used [0x00000000d6880000,0x00000000d6880000,0x00000000d6980000)
 ParOldGen       total 68608K, used 39374K [0x0000000080000000, 0x0000000084300000, 0x00000000d5580000)
  object space 68608K, 57% used [0x0000000080000000,0x0000000082673a00,0x0000000084300000)
 Metaspace       used 54417K, committed 55744K, reserved 1114112K
  class space    used 6518K, committed 7104K, reserved 1048576K
}
Event: 23.493 GC heap before
{Heap before GC invocations=31 (full 2):
 PSYoungGen      total 15872K, used 15600K [0x00000000d5580000, 0x00000000d6a80000, 0x0000000100000000)
  eden space 14848K, 100% used [0x00000000d5580000,0x00000000d6400000,0x00000000d6400000)
  from space 1024K, 73% used [0x00000000d6980000,0x00000000d6a3c010,0x00000000d6a80000)
  to   space 1024K, 0% used [0x00000000d6880000,0x00000000d6880000,0x00000000d6980000)
 ParOldGen       total 68608K, used 39374K [0x0000000080000000, 0x0000000084300000, 0x00000000d5580000)
  object space 68608K, 57% used [0x0000000080000000,0x0000000082673a00,0x0000000084300000)
 Metaspace       used 55864K, committed 57216K, reserved 1114112K
  class space    used 6697K, committed 7232K, reserved 1048576K
}
Event: 23.494 GC heap after
{Heap after GC invocations=31 (full 2):
 PSYoungGen      total 15872K, used 736K [0x00000000d5580000, 0x00000000d6a00000, 0x0000000100000000)
  eden space 14848K, 0% used [0x00000000d5580000,0x00000000d5580000,0x00000000d6400000)
  from space 1024K, 71% used [0x00000000d6880000,0x00000000d6938000,0x00000000d6980000)
  to   space 512K, 0% used [0x00000000d6980000,0x00000000d6980000,0x00000000d6a00000)
 ParOldGen       total 68608K, used 39909K [0x0000000080000000, 0x0000000084300000, 0x00000000d5580000)
  object space 68608K, 58% used [0x0000000080000000,0x00000000826f9710,0x0000000084300000)
 Metaspace       used 55864K, committed 57216K, reserved 1114112K
  class space    used 6697K, committed 7232K, reserved 1048576K
}
Event: 23.649 GC heap before
{Heap before GC invocations=32 (full 2):
 PSYoungGen      total 15872K, used 15584K [0x00000000d5580000, 0x00000000d6a00000, 0x0000000100000000)
  eden space 14848K, 100% used [0x00000000d5580000,0x00000000d6400000,0x00000000d6400000)
  from space 1024K, 71% used [0x00000000d6880000,0x00000000d6938000,0x00000000d6980000)
  to   space 512K, 0% used [0x00000000d6980000,0x00000000d6980000,0x00000000d6a00000)
 ParOldGen       total 68608K, used 39909K [0x0000000080000000, 0x0000000084300000, 0x00000000d5580000)
  object space 68608K, 58% used [0x0000000080000000,0x00000000826f9710,0x0000000084300000)
 Metaspace       used 57543K, committed 58944K, reserved 1114112K
  class space    used 6950K, committed 7552K, reserved 1048576K
}
Event: 23.650 GC heap after
{Heap after GC invocations=32 (full 2):
 PSYoungGen      total 15360K, used 480K [0x00000000d5580000, 0x00000000d6a00000, 0x0000000100000000)
  eden space 14848K, 0% used [0x00000000d5580000,0x00000000d5580000,0x00000000d6400000)
  from space 512K, 93% used [0x00000000d6980000,0x00000000d69f8010,0x00000000d6a00000)
  to   space 1536K, 0% used [0x00000000d6700000,0x00000000d6700000,0x00000000d6880000)
 ParOldGen       total 68608K, used 40737K [0x0000000080000000, 0x0000000084300000, 0x00000000d5580000)
  object space 68608K, 59% used [0x0000000080000000,0x00000000827c8500,0x0000000084300000)
 Metaspace       used 57543K, committed 58944K, reserved 1114112K
  class space    used 6950K, committed 7552K, reserved 1048576K
}
Event: 23.704 GC heap before
{Heap before GC invocations=33 (full 2):
 PSYoungGen      total 15360K, used 6726K [0x00000000d5580000, 0x00000000d6a00000, 0x0000000100000000)
  eden space 14848K, 42% used [0x00000000d5580000,0x00000000d5b99a38,0x00000000d6400000)
  from space 512K, 93% used [0x00000000d6980000,0x00000000d69f8010,0x00000000d6a00000)
  to   space 1536K, 0% used [0x00000000d6700000,0x00000000d6700000,0x00000000d6880000)
 ParOldGen       total 68608K, used 40737K [0x0000000080000000, 0x0000000084300000, 0x00000000d5580000)
  object space 68608K, 59% used [0x0000000080000000,0x00000000827c8500,0x0000000084300000)
 Metaspace       used 58348K, committed 59776K, reserved 1114112K
  class space    used 7077K, committed 7680K, reserved 1048576K
}
Event: 23.705 GC heap after
{Heap after GC invocations=33 (full 2):
 PSYoungGen      total 16384K, used 320K [0x00000000d5580000, 0x00000000d6a00000, 0x0000000100000000)
  eden space 14848K, 0% used [0x00000000d5580000,0x00000000d5580000,0x00000000d6400000)
  from space 1536K, 20% used [0x00000000d6700000,0x00000000d6750000,0x00000000d6880000)
  to   space 1024K, 0% used [0x00000000d6900000,0x00000000d6900000,0x00000000d6a00000)
 ParOldGen       total 68608K, used 41214K [0x0000000080000000, 0x0000000084300000, 0x00000000d5580000)
  object space 68608K, 60% used [0x0000000080000000,0x000000008283fa38,0x0000000084300000)
 Metaspace       used 58348K, committed 59776K, reserved 1114112K
  class space    used 7077K, committed 7680K, reserved 1048576K
}
Event: 23.705 GC heap before
{Heap before GC invocations=34 (full 3):
 PSYoungGen      total 16384K, used 320K [0x00000000d5580000, 0x00000000d6a00000, 0x0000000100000000)
  eden space 14848K, 0% used [0x00000000d5580000,0x00000000d5580000,0x00000000d6400000)
  from space 1536K, 20% used [0x00000000d6700000,0x00000000d6750000,0x00000000d6880000)
  to   space 1024K, 0% used [0x00000000d6900000,0x00000000d6900000,0x00000000d6a00000)
 ParOldGen       total 68608K, used 41214K [0x0000000080000000, 0x0000000084300000, 0x00000000d5580000)
  object space 68608K, 60% used [0x0000000080000000,0x000000008283fa38,0x0000000084300000)
 Metaspace       used 58348K, committed 59776K, reserved 1114112K
  class space    used 7077K, committed 7680K, reserved 1048576K
}
Event: 23.734 GC heap after
{Heap after GC invocations=34 (full 3):
 PSYoungGen      total 16384K, used 0K [0x00000000d5580000, 0x00000000d6a00000, 0x0000000100000000)
  eden space 14848K, 0% used [0x00000000d5580000,0x00000000d5580000,0x00000000d6400000)
  from space 1536K, 0% used [0x00000000d6700000,0x00000000d6700000,0x00000000d6880000)
  to   space 1024K, 0% used [0x00000000d6900000,0x00000000d6900000,0x00000000d6a00000)
 ParOldGen       total 68608K, used 39555K [0x0000000080000000, 0x0000000084300000, 0x00000000d5580000)
  object space 68608K, 57% used [0x0000000080000000,0x00000000826a0d88,0x0000000084300000)
 Metaspace       used 58348K, committed 59776K, reserved 1114112K
  class space    used 7077K, committed 7680K, reserved 1048576K
}
Event: 30.839 GC heap before
{Heap before GC invocations=35 (full 3):
 PSYoungGen      total 16384K, used 14848K [0x00000000d5580000, 0x00000000d6a00000, 0x0000000100000000)
  eden space 14848K, 100% used [0x00000000d5580000,0x00000000d6400000,0x00000000d6400000)
  from space 1536K, 0% used [0x00000000d6700000,0x00000000d6700000,0x00000000d6880000)
  to   space 1024K, 0% used [0x00000000d6900000,0x00000000d6900000,0x00000000d6a00000)
 ParOldGen       total 68608K, used 39555K [0x0000000080000000, 0x0000000084300000, 0x00000000d5580000)
  object space 68608K, 57% used [0x0000000080000000,0x00000000826a0d88,0x0000000084300000)
 Metaspace       used 59859K, committed 61376K, reserved 1114112K
  class space    used 7277K, committed 7936K, reserved 1048576K
}
Event: 30.840 GC heap after
{Heap after GC invocations=35 (full 3):
 PSYoungGen      total 15872K, used 896K [0x00000000d5580000, 0x00000000d6a00000, 0x0000000100000000)
  eden space 14848K, 0% used [0x00000000d5580000,0x00000000d5580000,0x00000000d6400000)
  from space 1024K, 87% used [0x00000000d6900000,0x00000000d69e0000,0x00000000d6a00000)
  to   space 1024K, 0% used [0x00000000d6800000,0x00000000d6800000,0x00000000d6900000)
 ParOldGen       total 68608K, used 39563K [0x0000000080000000, 0x0000000084300000, 0x00000000d5580000)
  object space 68608K, 57% used [0x0000000080000000,0x00000000826a2d88,0x0000000084300000)
 Metaspace       used 59859K, committed 61376K, reserved 1114112K
  class space    used 7277K, committed 7936K, reserved 1048576K
}

