# JRE version: OpenJDK Runtime Environment (21.0.9) (build 21.0.9+-14649483-b1163.86)
# Java VM: OpenJDK 64-Bit Server VM (21.0.9+-14649483-b1163.86, mixed mode, tiered, compressed oops, compressed class ptrs, g1 gc, windows-amd64)
GC Precious Log:
 CardTable entry size: 512
 Card Set container configuration: InlinePtr #cards 5 size 8 Array Of Cards #cards 12 size 40 Howl #buckets 4 coarsen threshold 1843 Howl Bitmap #cards 512 size 80 coarsen threshold 460 Card regions per heap region 1 cards per card region 2048
 CPUs: 12 total, 12 available
 Memory: 32124M
 Large Page Support: Disabled
 NUMA Support: Disabled
 Compressed Oops: Enabled (32-bit)
 Heap Region Size: 1M
 Heap Min Capacity: 8M
 Heap Initial Capacity: 502M
 Heap Max Capacity: 2G
 Pre-touch: Disabled
 Parallel Workers: 10
 Concurrent Workers: 3
 Concurrent Refinement Workers: 10
 Periodic GC: Disabled
Heap:
 garbage-first heap   total 157696K, used 137270K [0x0000000080000000, 0x0000000100000000)
  region size 1024K, 75 young (76800K), 7 survivors (7168K)
 Metaspace       used 74252K, committed 76288K, reserved 1179648K
  class space    used 10540K, committed 11520K, reserved 1048576K
GC Heap History (20 events):
Event: 3.780 GC heap before
{Heap before GC invocations=14 (full 0):
 garbage-first heap   total 71680K, used 64456K [0x0000000080000000, 0x0000000100000000)
  region size 1024K, 27 young (27648K), 4 survivors (4096K)
 Metaspace       used 56487K, committed 58176K, reserved 1114112K
  class space    used 8028K, committed 8832K, reserved 1048576K
}
Event: 3.782 GC heap after
{Heap after GC invocations=15 (full 0):
 garbage-first heap   total 73728K, used 45144K [0x0000000080000000, 0x0000000100000000)
  region size 1024K, 4 young (4096K), 4 survivors (4096K)
 Metaspace       used 56487K, committed 58176K, reserved 1114112K
  class space    used 8028K, committed 8832K, reserved 1048576K
}
Event: 3.798 GC heap before
{Heap before GC invocations=15 (full 0):
 garbage-first heap   total 73728K, used 65624K [0x0000000080000000, 0x0000000100000000)
  region size 1024K, 24 young (24576K), 4 survivors (4096K)
 Metaspace       used 56487K, committed 58176K, reserved 1114112K
  class space    used 8028K, committed 8832K, reserved 1048576K
}
Event: 3.800 GC heap after
{Heap after GC invocations=16 (full 0):
 garbage-first heap   total 73728K, used 44880K [0x0000000080000000, 0x0000000100000000)
  region size 1024K, 1 young (1024K), 1 survivors (1024K)
 Metaspace       used 56487K, committed 58176K, reserved 1114112K
  class space    used 8028K, committed 8832K, reserved 1048576K
}
Event: 3.984 GC heap before
{Heap before GC invocations=16 (full 0):
 garbage-first heap   total 73728K, used 65360K [0x0000000080000000, 0x0000000100000000)
  region size 1024K, 22 young (22528K), 1 survivors (1024K)
 Metaspace       used 58196K, committed 59904K, reserved 1114112K
  class space    used 8321K, committed 9152K, reserved 1048576K
}
Event: 3.987 GC heap after
{Heap after GC invocations=17 (full 0):
 garbage-first heap   total 293888K, used 45827K [0x0000000080000000, 0x0000000100000000)
  region size 1024K, 2 young (2048K), 2 survivors (2048K)
 Metaspace       used 58196K, committed 59904K, reserved 1114112K
  class space    used 8321K, committed 9152K, reserved 1048576K
}
Event: 4.827 GC heap before
{Heap before GC invocations=18 (full 0):
 garbage-first heap   total 157696K, used 136963K [0x0000000080000000, 0x0000000100000000)
  region size 1024K, 92 young (94208K), 2 survivors (2048K)
 Metaspace       used 69847K, committed 71744K, reserved 1114112K
  class space    used 10085K, committed 10944K, reserved 1048576K
}
Event: 4.830 GC heap after
{Heap after GC invocations=19 (full 0):
 garbage-first heap   total 157696K, used 50312K [0x0000000080000000, 0x0000000100000000)
  region size 1024K, 6 young (6144K), 6 survivors (6144K)
 Metaspace       used 69847K, committed 71744K, reserved 1114112K
  class space    used 10085K, committed 10944K, reserved 1048576K
}
Event: 5.539 GC heap before
{Heap before GC invocations=19 (full 0):
 garbage-first heap   total 157696K, used 137352K [0x0000000080000000, 0x0000000100000000)
  region size 1024K, 92 young (94208K), 6 survivors (6144K)
 Metaspace       used 71393K, committed 73344K, reserved 1114112K
  class space    used 10213K, committed 11136K, reserved 1048576K
}
Event: 5.544 GC heap after
{Heap after GC invocations=20 (full 0):
 garbage-first heap   total 157696K, used 56813K [0x0000000080000000, 0x0000000100000000)
  region size 1024K, 12 young (12288K), 12 survivors (12288K)
 Metaspace       used 71393K, committed 73344K, reserved 1114112K
  class space    used 10213K, committed 11136K, reserved 1048576K
}
Event: 5.822 GC heap before
{Heap before GC invocations=20 (full 0):
 garbage-first heap   total 157696K, used 137709K [0x0000000080000000, 0x0000000100000000)
  region size 1024K, 92 young (94208K), 12 survivors (12288K)
 Metaspace       used 71592K, committed 73536K, reserved 1114112K
  class space    used 10213K, committed 11136K, reserved 1048576K
}
Event: 5.829 GC heap after
{Heap after GC invocations=21 (full 0):
 garbage-first heap   total 157696K, used 58928K [0x0000000080000000, 0x0000000100000000)
  region size 1024K, 4 young (4096K), 4 survivors (4096K)
 Metaspace       used 71592K, committed 73536K, reserved 1114112K
  class space    used 10213K, committed 11136K, reserved 1048576K
}
Event: 6.069 GC heap before
{Heap before GC invocations=21 (full 0):
 garbage-first heap   total 157696K, used 139824K [0x0000000080000000, 0x0000000100000000)
  region size 1024K, 84 young (86016K), 4 survivors (4096K)
 Metaspace       used 71732K, committed 73664K, reserved 1114112K
  class space    used 10213K, committed 11136K, reserved 1048576K
}
Event: 6.071 GC heap after
{Heap after GC invocations=22 (full 0):
 garbage-first heap   total 157696K, used 59939K [0x0000000080000000, 0x0000000100000000)
  region size 1024K, 5 young (5120K), 5 survivors (5120K)
 Metaspace       used 71732K, committed 73664K, reserved 1114112K
  class space    used 10213K, committed 11136K, reserved 1048576K
}
Event: 6.173 GC heap before
{Heap before GC invocations=23 (full 0):
 garbage-first heap   total 157696K, used 141859K [0x0000000080000000, 0x0000000100000000)
  region size 1024K, 86 young (88064K), 5 survivors (5120K)
 Metaspace       used 71734K, committed 73664K, reserved 1114112K
  class space    used 10214K, committed 11136K, reserved 1048576K
}
Event: 6.176 GC heap after
{Heap after GC invocations=24 (full 0):
 garbage-first heap   total 157696K, used 60443K [0x0000000080000000, 0x0000000100000000)
  region size 1024K, 6 young (6144K), 6 survivors (6144K)
 Metaspace       used 71734K, committed 73664K, reserved 1114112K
  class space    used 10214K, committed 11136K, reserved 1048576K
}
Event: 6.267 GC heap before
{Heap before GC invocations=24 (full 0):
 garbage-first heap   total 157696K, used 143387K [0x0000000080000000, 0x0000000100000000)
  region size 1024K, 87 young (89088K), 6 survivors (6144K)
 Metaspace       used 71740K, committed 73664K, reserved 1114112K
  class space    used 10214K, committed 11136K, reserved 1048576K
}
Event: 6.269 GC heap after
{Heap after GC invocations=25 (full 0):
 garbage-first heap   total 157696K, used 59850K [0x0000000080000000, 0x0000000100000000)
  region size 1024K, 7 young (7168K), 7 survivors (7168K)
 Metaspace       used 71740K, committed 73664K, reserved 1114112K
  class space    used 10214K, committed 11136K, reserved 1048576K
}
Event: 6.357 GC heap before
{Heap before GC invocations=25 (full 0):
 garbage-first heap   total 157696K, used 142794K [0x0000000080000000, 0x0000000100000000)
  region size 1024K, 89 young (91136K), 7 survivors (7168K)
 Metaspace       used 71740K, committed 73664K, reserved 1114112K
  class space    used 10214K, committed 11136K, reserved 1048576K
}
Event: 6.359 GC heap after
{Heap after GC invocations=26 (full 0):
 garbage-first heap   total 157696K, used 60470K [0x0000000080000000, 0x0000000100000000)
  region size 1024K, 7 young (7168K), 7 survivors (7168K)
 Metaspace       used 71740K, committed 73664K, reserved 1114112K
  class space    used 10214K, committed 11136K, reserved 1048576K
}

